C:\Users\ajant\source\repos\Lyrics.Recorder\Lyrics.Recorder\dist\webpack.config.js
C:\Users\ajant\source\repos\Lyrics.Recorder\Lyrics.Recorder\dist\webpack.config.js.map
C:\Users\ajant\source\repos\Lyrics.Recorder\Lyrics.Recorder\dist\obj\Release\netcoreapp3.1\PubTmp\Out\wwwroot\dist\bundle.js
C:\Users\ajant\source\repos\Lyrics.Recorder\Lyrics.Recorder\dist\obj\Release\netcoreapp3.1\PubTmp\Out\wwwroot\dist\bundle.js.map
C:\Users\ajant\source\repos\Lyrics.Recorder\Lyrics.Recorder\dist\obj\Release\netcoreapp3.1\PubTmp\Out\wwwroot\js\site.js
C:\Users\ajant\source\repos\Lyrics.Recorder\Lyrics.Recorder\dist\obj\Release\netcoreapp3.1\PubTmp\Out\wwwroot\js\site.js.map
C:\Users\ajant\source\repos\Lyrics.Recorder\Lyrics.Recorder\dist\obj\Release\netcoreapp3.1\PubTmp\Out\wwwroot\lib\bootstrap\dist\js\bootstrap.bundle.js
C:\Users\ajant\source\repos\Lyrics.Recorder\Lyrics.Recorder\dist\obj\Release\netcoreapp3.1\PubTmp\Out\wwwroot\lib\bootstrap\dist\js\bootstrap.bundle.js.map
C:\Users\ajant\source\repos\Lyrics.Recorder\Lyrics.Recorder\dist\obj\Release\netcoreapp3.1\PubTmp\Out\wwwroot\lib\bootstrap\dist\js\bootstrap.js
C:\Users\ajant\source\repos\Lyrics.Recorder\Lyrics.Recorder\dist\obj\Release\netcoreapp3.1\PubTmp\Out\wwwroot\lib\bootstrap\dist\js\bootstrap.js.map
C:\Users\ajant\source\repos\Lyrics.Recorder\Lyrics.Recorder\dist\obj\Release\netcoreapp3.1\PubTmp\Out\wwwroot\lib\jquery\dist\jquery.js
C:\Users\ajant\source\repos\Lyrics.Recorder\Lyrics.Recorder\dist\obj\Release\netcoreapp3.1\PubTmp\Out\wwwroot\lib\jquery\dist\jquery.js.map
C:\Users\ajant\source\repos\Lyrics.Recorder\Lyrics.Recorder\dist\obj\Release\netcoreapp3.1\PubTmp\Out\wwwroot\lib\jquery-validation\dist\additional-methods.js
C:\Users\ajant\source\repos\Lyrics.Recorder\Lyrics.Recorder\dist\obj\Release\netcoreapp3.1\PubTmp\Out\wwwroot\lib\jquery-validation\dist\additional-methods.js.map
C:\Users\ajant\source\repos\Lyrics.Recorder\Lyrics.Recorder\dist\obj\Release\netcoreapp3.1\PubTmp\Out\wwwroot\lib\jquery-validation\dist\jquery.validate.js
C:\Users\ajant\source\repos\Lyrics.Recorder\Lyrics.Recorder\dist\obj\Release\netcoreapp3.1\PubTmp\Out\wwwroot\lib\jquery-validation\dist\jquery.validate.js.map
C:\Users\ajant\source\repos\Lyrics.Recorder\Lyrics.Recorder\dist\obj\Release\netcoreapp3.1\PubTmp\Out\wwwroot\lib\jquery-validation-unobtrusive\jquery.validate.unobtrusive.js
C:\Users\ajant\source\repos\Lyrics.Recorder\Lyrics.Recorder\dist\obj\Release\netcoreapp3.1\PubTmp\Out\wwwroot\lib\jquery-validation-unobtrusive\jquery.validate.unobtrusive.js.map
C:\Users\ajant\source\repos\Lyrics.Recorder\Lyrics.Recorder\dist\obj\Release\netcoreapp3.1\PubTmp\Out\wwwroot\src\components\Hello.js
C:\Users\ajant\source\repos\Lyrics.Recorder\Lyrics.Recorder\dist\obj\Release\netcoreapp3.1\PubTmp\Out\wwwroot\src\components\Hello.js.map
C:\Users\ajant\source\repos\Lyrics.Recorder\Lyrics.Recorder\dist\obj\Release\netcoreapp3.1\PubTmp\Out\wwwroot\src\components\FormPopup.js
C:\Users\ajant\source\repos\Lyrics.Recorder\Lyrics.Recorder\dist\obj\Release\netcoreapp3.1\PubTmp\Out\wwwroot\src\components\FormPopup.js.map
C:\Users\ajant\source\repos\Lyrics.Recorder\Lyrics.Recorder\dist\obj\Release\netcoreapp3.1\PubTmp\Out\wwwroot\src\components\Contact.js
C:\Users\ajant\source\repos\Lyrics.Recorder\Lyrics.Recorder\dist\obj\Release\netcoreapp3.1\PubTmp\Out\wwwroot\src\components\Contact.js.map
C:\Users\ajant\source\repos\Lyrics.Recorder\Lyrics.Recorder\dist\obj\Release\netcoreapp3.1\PubTmp\Out\wwwroot\src\index.js
C:\Users\ajant\source\repos\Lyrics.Recorder\Lyrics.Recorder\dist\obj\Release\netcoreapp3.1\PubTmp\Out\wwwroot\src\index.js.map
C:\Users\ajant\source\repos\Lyrics.Recorder\Lyrics.Recorder\dist\obj\Release\netcoreapp3.1\PubTmp\Out\wwwroot\src\components\Album.js
C:\Users\ajant\source\repos\Lyrics.Recorder\Lyrics.Recorder\dist\obj\Release\netcoreapp3.1\PubTmp\Out\wwwroot\src\components\Album.js.map
C:\Users\ajant\source\repos\Lyrics.Recorder\Lyrics.Recorder\dist\obj\Release\netcoreapp3.1\PubTmp\Out\wwwroot\src\components\SignIn.js
C:\Users\ajant\source\repos\Lyrics.Recorder\Lyrics.Recorder\dist\obj\Release\netcoreapp3.1\PubTmp\Out\wwwroot\src\components\SignIn.js.map
C:\Users\ajant\source\repos\Lyrics.Recorder\Lyrics.Recorder\dist\wwwroot\dist\bundle.js
C:\Users\ajant\source\repos\Lyrics.Recorder\Lyrics.Recorder\dist\wwwroot\dist\bundle.js.map
C:\Users\ajant\source\repos\Lyrics.Recorder\Lyrics.Recorder\dist\wwwroot\js\site.js
C:\Users\ajant\source\repos\Lyrics.Recorder\Lyrics.Recorder\dist\wwwroot\js\site.js.map
C:\Users\ajant\source\repos\Lyrics.Recorder\Lyrics.Recorder\dist\wwwroot\lib\bootstrap\dist\js\bootstrap.bundle.js
C:\Users\ajant\source\repos\Lyrics.Recorder\Lyrics.Recorder\dist\wwwroot\lib\bootstrap\dist\js\bootstrap.bundle.js.map
C:\Users\ajant\source\repos\Lyrics.Recorder\Lyrics.Recorder\dist\wwwroot\lib\bootstrap\dist\js\bootstrap.js
C:\Users\ajant\source\repos\Lyrics.Recorder\Lyrics.Recorder\dist\wwwroot\lib\bootstrap\dist\js\bootstrap.js.map
C:\Users\ajant\source\repos\Lyrics.Recorder\Lyrics.Recorder\dist\wwwroot\lib\jquery\dist\jquery.js
C:\Users\ajant\source\repos\Lyrics.Recorder\Lyrics.Recorder\dist\wwwroot\lib\jquery\dist\jquery.js.map
C:\Users\ajant\source\repos\Lyrics.Recorder\Lyrics.Recorder\dist\wwwroot\lib\jquery-validation\dist\additional-methods.js
C:\Users\ajant\source\repos\Lyrics.Recorder\Lyrics.Recorder\dist\wwwroot\lib\jquery-validation\dist\additional-methods.js.map
C:\Users\ajant\source\repos\Lyrics.Recorder\Lyrics.Recorder\dist\wwwroot\lib\jquery-validation\dist\jquery.validate.js
C:\Users\ajant\source\repos\Lyrics.Recorder\Lyrics.Recorder\dist\wwwroot\lib\jquery-validation\dist\jquery.validate.js.map
C:\Users\ajant\source\repos\Lyrics.Recorder\Lyrics.Recorder\dist\wwwroot\lib\jquery-validation-unobtrusive\jquery.validate.unobtrusive.js
C:\Users\ajant\source\repos\Lyrics.Recorder\Lyrics.Recorder\dist\wwwroot\lib\jquery-validation-unobtrusive\jquery.validate.unobtrusive.js.map
C:\Users\ajant\source\repos\Lyrics.Recorder\Lyrics.Recorder\dist\wwwroot\src\components\Hello.js
C:\Users\ajant\source\repos\Lyrics.Recorder\Lyrics.Recorder\dist\wwwroot\src\components\Hello.js.map
C:\Users\ajant\source\repos\Lyrics.Recorder\Lyrics.Recorder\dist\wwwroot\src\components\FormPopup.js
C:\Users\ajant\source\repos\Lyrics.Recorder\Lyrics.Recorder\dist\wwwroot\src\components\FormPopup.js.map
C:\Users\ajant\source\repos\Lyrics.Recorder\Lyrics.Recorder\dist\wwwroot\src\components\Lyrics.js
C:\Users\ajant\source\repos\Lyrics.Recorder\Lyrics.Recorder\dist\wwwroot\src\components\Lyrics.js.map
C:\Users\ajant\source\repos\Lyrics.Recorder\Lyrics.Recorder\dist\wwwroot\src\index.js
C:\Users\ajant\source\repos\Lyrics.Recorder\Lyrics.Recorder\dist\wwwroot\src\index.js.map
C:\Users\ajant\source\repos\Lyrics.Recorder\Lyrics.Recorder\dist\wwwroot\src\components\Album.js
C:\Users\ajant\source\repos\Lyrics.Recorder\Lyrics.Recorder\dist\wwwroot\src\components\Album.js.map
C:\Users\ajant\source\repos\Lyrics.Recorder\Lyrics.Recorder\dist\wwwroot\src\components\SignIn.js
C:\Users\ajant\source\repos\Lyrics.Recorder\Lyrics.Recorder\dist\wwwroot\src\components\SignIn.js.map
